C1 Error: Pin order data (PINS=1:[<pins>]) not in READ ONLY field 4. Pins sorted by pin-name.
C1 Error: Part type must be entered in READ ONLY field 1: type=<part type>(<spice prefix>)
C1 Error: Netlist data must be entered in READ ONLY field 5: netlist=<netlist data>
C2 Error: Pin order data (PINS=1:[<pins>]) not in READ ONLY field 4. Pins sorted by pin-name.
C2 Error: Part type must be entered in READ ONLY field 1: type=<part type>(<spice prefix>)
C2 Error: Netlist data must be entered in READ ONLY field 5: netlist=<netlist data>
C3 Error: Pin order data (PINS=1:[<pins>]) not in READ ONLY field 4. Pins sorted by pin-name.
C3 Error: Part type must be entered in READ ONLY field 1: type=<part type>(<spice prefix>)
C3 Error: Netlist data must be entered in READ ONLY field 5: netlist=<netlist data>
CR1 Error: Pin order data (PINS=1:[<pins>]) not in READ ONLY field 4. Pins sorted by pin-name.
CR1 Error: Part type must be entered in READ ONLY field 1: type=<part type>(<spice prefix>)
CR1 Error: Netlist data must be entered in READ ONLY field 5: netlist=<netlist data>
D1 Error: Pin order data (PINS=1:[<pins>]) not in READ ONLY field 4. Pins sorted by pin-name.
D1 Error: Part type must be entered in READ ONLY field 1: type=<part type>(<spice prefix>)
D1 Error: Netlist data must be entered in READ ONLY field 5: netlist=<netlist data>
D2 Error: Pin order data (PINS=1:[<pins>]) not in READ ONLY field 4. Pins sorted by pin-name.
D2 Error: Part type must be entered in READ ONLY field 1: type=<part type>(<spice prefix>)
D2 Error: Netlist data must be entered in READ ONLY field 5: netlist=<netlist data>
D3 Error: Pin order data (PINS=1:[<pins>]) not in READ ONLY field 4. Pins sorted by pin-name.
D3 Error: Part type must be entered in READ ONLY field 1: type=<part type>(<spice prefix>)
D3 Error: Netlist data must be entered in READ ONLY field 5: netlist=<netlist data>
D4 Error: Pin order data (PINS=1:[<pins>]) not in READ ONLY field 4. Pins sorted by pin-name.
D4 Error: Part type must be entered in READ ONLY field 1: type=<part type>(<spice prefix>)
D4 Error: Netlist data must be entered in READ ONLY field 5: netlist=<netlist data>
R1 Error: Pin order data (PINS=1:[<pins>]) not in READ ONLY field 4. Pins sorted by pin-name.
R1 Error: Part type must be entered in READ ONLY field 1: type=<part type>(<spice prefix>)
R1 Error: Netlist data must be entered in READ ONLY field 5: netlist=<netlist data>
R2 Error: Pin order data (PINS=1:[<pins>]) not in READ ONLY field 4. Pins sorted by pin-name.
R2 Error: Part type must be entered in READ ONLY field 1: type=<part type>(<spice prefix>)
R2 Error: Netlist data must be entered in READ ONLY field 5: netlist=<netlist data>
R3 Error: Pin order data (PINS=1:[<pins>]) not in READ ONLY field 4. Pins sorted by pin-name.
R3 Error: Part type must be entered in READ ONLY field 1: type=<part type>(<spice prefix>)
R3 Error: Netlist data must be entered in READ ONLY field 5: netlist=<netlist data>
R4 Error: Pin order data (PINS=1:[<pins>]) not in READ ONLY field 4. Pins sorted by pin-name.
R4 Error: Part type must be entered in READ ONLY field 1: type=<part type>(<spice prefix>)
R4 Error: Netlist data must be entered in READ ONLY field 5: netlist=<netlist data>
R5 Error: Pin order data (PINS=1:[<pins>]) not in READ ONLY field 4. Pins sorted by pin-name.
R5 Error: Part type must be entered in READ ONLY field 1: type=<part type>(<spice prefix>)
R5 Error: Netlist data must be entered in READ ONLY field 5: netlist=<netlist data>
R6 Error: Pin order data (PINS=1:[<pins>]) not in READ ONLY field 4. Pins sorted by pin-name.
R6 Error: Part type must be entered in READ ONLY field 1: type=<part type>(<spice prefix>)
R6 Error: Netlist data must be entered in READ ONLY field 5: netlist=<netlist data>
R7 Error: Pin order data (PINS=1:[<pins>]) not in READ ONLY field 4. Pins sorted by pin-name.
R7 Error: Part type must be entered in READ ONLY field 1: type=<part type>(<spice prefix>)
R7 Error: Netlist data must be entered in READ ONLY field 5: netlist=<netlist data>
R8 Error: Pin order data (PINS=1:[<pins>]) not in READ ONLY field 4. Pins sorted by pin-name.
R8 Error: Part type must be entered in READ ONLY field 1: type=<part type>(<spice prefix>)
R8 Error: Netlist data must be entered in READ ONLY field 5: netlist=<netlist data>
R9 Error: Pin order data (PINS=1:[<pins>]) not in READ ONLY field 4. Pins sorted by pin-name.
R9 Error: Part type must be entered in READ ONLY field 1: type=<part type>(<spice prefix>)
R9 Error: Netlist data must be entered in READ ONLY field 5: netlist=<netlist data>
S1 Error: Pin order data (PINS=1:[<pins>]) not in READ ONLY field 4. Pins sorted by pin-name.
S1 Error: Part type must be entered in READ ONLY field 1: type=<part type>(<spice prefix>)
S1 Error: Netlist data must be entered in READ ONLY field 5: netlist=<netlist data>
S2 Error: Pin order data (PINS=1:[<pins>]) not in READ ONLY field 4. Pins sorted by pin-name.
S2 Error: Part type must be entered in READ ONLY field 1: type=<part type>(<spice prefix>)
S2 Error: Netlist data must be entered in READ ONLY field 5: netlist=<netlist data>
S3 Error: Pin order data (PINS=1:[<pins>]) not in READ ONLY field 4. Pins sorted by pin-name.
S3 Error: Part type must be entered in READ ONLY field 1: type=<part type>(<spice prefix>)
S3 Error: Netlist data must be entered in READ ONLY field 5: netlist=<netlist data>
S4 Error: Pin order data (PINS=1:[<pins>]) not in READ ONLY field 4. Pins sorted by pin-name.
S4 Error: Part type must be entered in READ ONLY field 1: type=<part type>(<spice prefix>)
S4 Error: Netlist data must be entered in READ ONLY field 5: netlist=<netlist data>
U1 Error: Pin order data (PINS=1:[<pins>]) not in READ ONLY field 4. Pins sorted by pin-name.
U1 Error: Part type must be entered in READ ONLY field 1: type=<part type>(<spice prefix>)
U1 Error: Netlist data must be entered in READ ONLY field 5: netlist=<netlist data>
U2 Error: Pin order data (PINS=1:[<pins>]) not in READ ONLY field 4. Pins sorted by pin-name.
U2 Error: Part type must be entered in READ ONLY field 1: type=<part type>(<spice prefix>)
U2 Error: Netlist data must be entered in READ ONLY field 5: netlist=<netlist data>
U3 Error: Pin order data (PINS=1:[<pins>]) not in READ ONLY field 4. Pins sorted by pin-name.
U3 Error: Part type must be entered in READ ONLY field 1: type=<part type>(<spice prefix>)
U3 Error: Netlist data must be entered in READ ONLY field 5: netlist=<netlist data>